Using pre-set license
Built from '2021.2/staging' branch; Version is '2021.2.19f1 (602ecdbb2fb0) revision 6303437'; Using compiler version '192829333'; Build Type 'Release'
OS: 'Windows 10  (10.0.19044) 64bit Professional' Language: 'es' Physical Memory: 32719 MB
BatchMode: 1, IsHumanControllingUs: 0, StartBugReporterOnCrash: 0, Is64bit: 1, IsPro: 1

COMMAND LINE ARGUMENTS:
C:\Program Files\Unity\Hub\Editor\2021.2.19f1\Editor\Unity.exe
-adb2
-batchMode
-noUpm
-name
AssetImportWorker612
-projectPath
C:/Users/XXHIDATEXX/juegosUnity/SegundoPrototipoGrupo4/grupo4MiniGolf
-logFile
Logs/AssetImportWorker612.log
-srvPort
50876
Successfully changed project path to: C:/Users/XXHIDATEXX/juegosUnity/SegundoPrototipoGrupo4/grupo4MiniGolf
C:/Users/XXHIDATEXX/juegosUnity/SegundoPrototipoGrupo4/grupo4MiniGolf
[UnityMemory] Configuration Parameters - Can be set up in boot.config
    "memorysetup-bucket-allocator-granularity=16"
    "memorysetup-bucket-allocator-bucket-count=8"
    "memorysetup-bucket-allocator-block-size=33554432"
    "memorysetup-bucket-allocator-block-count=8"
    "memorysetup-main-allocator-block-size=16777216"
    "memorysetup-thread-allocator-block-size=16777216"
    "memorysetup-gfx-main-allocator-block-size=16777216"
    "memorysetup-gfx-thread-allocator-block-size=16777216"
    "memorysetup-cache-allocator-block-size=4194304"
    "memorysetup-typetree-allocator-block-size=2097152"
    "memorysetup-profiler-bucket-allocator-granularity=16"
    "memorysetup-profiler-bucket-allocator-bucket-count=8"
    "memorysetup-profiler-bucket-allocator-block-size=33554432"
    "memorysetup-profiler-bucket-allocator-block-count=8"
    "memorysetup-profiler-allocator-block-size=16777216"
    "memorysetup-profiler-editor-allocator-block-size=1048576"
    "memorysetup-temp-allocator-size-main=16777216"
    "memorysetup-job-temp-allocator-block-size=2097152"
    "memorysetup-job-temp-allocator-block-size-background=1048576"
    "memorysetup-job-temp-allocator-reduction-small-platforms=262144"
    "memorysetup-temp-allocator-size-background-worker=32768"
    "memorysetup-temp-allocator-size-job-worker=262144"
    "memorysetup-temp-allocator-size-preload-manager=33554432"
    "memorysetup-temp-allocator-size-nav-mesh-worker=65536"
    "memorysetup-temp-allocator-size-audio-worker=65536"
    "memorysetup-temp-allocator-size-cloud-worker=32768"
    "memorysetup-temp-allocator-size-gi-baking-worker=262144"
    "memorysetup-temp-allocator-size-gfx=262144"
mdb reader table full -> cleaning up stale readers. Current readers:
    pid     thread     txnid
     19544 4c5c -
     42880 a784 -
     19544 4fc4 -
     19544 4fa0 -
     42860 a75c -
     42552 a63c -
     42076 a5a8 -
     42184 a4c4 -
     12328 755c -
     42412 6bbc -
     35620 8928 -
     42952 a5b4 -
     40068 89e8 -
     42440 7864 -
     42940 9b34 -
     36360 9240 -
     39968 2048 -
     36544 8e34 -
     22012 730c -
     40120 8588 -
     20976 8768 -
     41384 8efc -
     40932 7364 -
     41476 50b8 -
     42848 a748 -
     28652 8cb8 -
     30928 8f88 -
     42840 9040 -
     42156 7a20 -
     28332 9944 -
     36160 81c0 -
     43076 a848 -
     29848 5f4c -
     45924 b368 -
     43248 a8f4 -
     43072 a830 -
     45308 b100 -
     44604 a814 -
     43144 a87c -
     43108 9888 -
     42996 9c6c -
     38656 913c -
     41756 a4fc -
     39676 9490 -
     41540 b048 -
     45200 535c -
     44968 b0c4 -
     43176 9e14 -
     36120 a1c0 -
     27020 b3dc -
     36044 a728 -
     44740 b30c -
     43864 a6b4 -
     44556 63a4 -
     45588 a52c -
      1336 a650 -
     41752 a97c -
     44476 b324 -
     46848 b704 -
     41160 a538 -
     46188 b58c -
     44272 702c -
     47036 b7c0 -
     29944 9d4c -
     46544 b498 -
     42756 9244 -
     29884 6894 -
     41204 a360 -
     44900 a2fc -
     43480 6738 -
     19824 9dc4 -
     40320 61ac -
     46636 abd4 -
     19392 a460 -
     31152 b25c -
     44036 b304 -
     40680 959c -
     37272 6298 -
     46660 a9f4 -
     42220 57a8 -
     41556 b0f8 -
     40156 9a20 -
     24940 a9fc -
     41716 a9a0 -
     45692 365c -
     46212 94a4 -
     36436 74dc -
     46236 7f04 -
     34068 b390 -
     33072 b3f8 -
     45600 7510 -
     40784 af88 -
     43548 b570 -
     46436 b560 -
     39272 b554 -
     41804 ad0c -
     29252 b3d4 -
     40824 ab5c -
     40152 7fc0 -
     14664 a6f8 -
     43212 a624 -
     33372 b418 -
     43704 96a8 -
     46740 5d48 -
     46980 a514 -
     46588 b308 -
     47000 e50 -
     46760 9cf0 -
     39540 9834 -
     35888 9d5c -
     39684 ac34 -
     35180 794c -
     43444 b488 -
     38560 762c -
     42864 6544 -
     47700 ba58 -
     36096 9488 -
     27548 68e8 -
     47396 b930 -
     42364 75ec -
     47972 bb54 -
     47920 bb1c -
     32796 7f50 -
     47128 ad84 -
     47504 6794 -
     42008 a41c -
Cleaned out 121 stale readers
Refreshing native plugins compatible for Editor in 93.65 ms, found 3 plugins.
Preloading 0 native plugins for Editor in 0.00 ms.
Initialize engine version: 2021.2.19f1 (602ecdbb2fb0)
[Subsystems] Discovering subsystems at path C:/Program Files/Unity/Hub/Editor/2021.2.19f1/Editor/Data/Resources/UnitySubsystems
[Subsystems] Discovering subsystems at path C:/Users/XXHIDATEXX/juegosUnity/SegundoPrototipoGrupo4/grupo4MiniGolf/Assets
GfxDevice: creating device client; threaded=0; jobified=0
Direct3D:
    Version:  Direct3D 11.0 [level 11.1]
    Renderer: Radeon RX550/550 Series (ID=0x67ff)
    Vendor:   ATI
    VRAM:     4075 MB
    Driver:   30.0.13023.4001
Initialize mono
Mono path[0] = 'C:/Program Files/Unity/Hub/Editor/2021.2.19f1/Editor/Data/Managed'
Mono path[1] = 'C:/Program Files/Unity/Hub/Editor/2021.2.19f1/Editor/Data/MonoBleedingEdge/lib/mono/unityjit-win32'
Mono config path = 'C:/Program Files/Unity/Hub/Editor/2021.2.19f1/Editor/Data/MonoBleedingEdge/etc'
Using monoOptions --debugger-agent=transport=dt_socket,embedding=1,server=y,suspend=n,address=127.0.0.1:56604
Begin MonoManager ReloadAssembly
Registering precompiled unity dll's ...
Register platform support module: C:/Program Files/Unity/Hub/Editor/2021.2.19f1/Editor/Data/PlaybackEngines/AndroidPlayer/UnityEditor.Android.Extensions.dll
Register platform support module: C:/Program Files/Unity/Hub/Editor/2021.2.19f1/Editor/Data/PlaybackEngines/WindowsStandaloneSupport/UnityEditor.WindowsStandalone.Extensions.dll
Registered in 0.007818 seconds.
Native extension for WindowsStandalone target not found
Native extension for Android target not found
Refreshing native plugins compatible for Editor in 92.42 ms, found 3 plugins.
Preloading 0 native plugins for Editor in 0.00 ms.
Mono: successfully reloaded assembly
- Completed reload, in  0.728 seconds
Domain Reload Profiling:
	ReloadAssembly (728ms)
		BeginReloadAssembly (74ms)
			ExecutionOrderSort (0ms)
			DisableScriptedObjects (0ms)
			BackupInstance (0ms)
			ReleaseScriptingObjects (0ms)
			CreateAndSetChildDomain (1ms)
		EndReloadAssembly (533ms)
			LoadAssemblies (73ms)
			RebuildTransferFunctionScriptingTraits (0ms)
			SetupTypeCache (138ms)
			ReleaseScriptCaches (0ms)
			RebuildScriptCaches (30ms)
			SetupLoadedEditorAssemblies (303ms)
				LogAssemblyErrors (0ms)
				InitializePlatformSupportModulesInManaged (63ms)
				SetLoadedEditorAssemblies (0ms)
				RefreshPlugins (93ms)
				BeforeProcessingInitializeOnLoad (2ms)
				ProcessInitializeOnLoadAttributes (100ms)
				ProcessInitializeOnLoadMethodAttributes (45ms)
				AfterProcessingInitializeOnLoad (0ms)
				EditorAssembliesLoaded (0ms)
			ExecutionOrderSort2 (0ms)
			AwakeInstancesAfterBackupRestoration (0ms)
Platform modules already initialized, skipping
Registering precompiled user dll's ...
Registered in 0.004511 seconds.
Begin MonoManager ReloadAssembly
Symbol file LoadedFromMemory doesn't match image C:\Users\XXHIDATEXX\juegosUnity\SegundoPrototipoGrupo4\grupo4MiniGolf\Library\PackageCache\com.unity.visualscripting@1.7.6\Editor\VisualScripting.Core\Dependencies\YamlDotNet\Unity.VisualScripting.YamlDotNet.dll
Symbol file LoadedFromMemory is not a mono symbol file
Symbol file LoadedFromMemory doesn't match image C:\Users\XXHIDATEXX\juegosUnity\SegundoPrototipoGrupo4\grupo4MiniGolf\Library\PackageCache\com.unity.visualscripting@1.7.6\Editor\VisualScripting.Core\Dependencies\DotNetZip\Unity.VisualScripting.IonicZip.dll
Native extension for WindowsStandalone target not found
Native extension for Android target not found
Refreshing native plugins compatible for Editor in 0.75 ms, found 3 plugins.
Preloading 0 native plugins for Editor in 0.00 ms.
Mono: successfully reloaded assembly
- Completed reload, in  1.200 seconds
Domain Reload Profiling:
	ReloadAssembly (1200ms)
		BeginReloadAssembly (232ms)
			ExecutionOrderSort (0ms)
			DisableScriptedObjects (6ms)
			BackupInstance (0ms)
			ReleaseScriptingObjects (0ms)
			CreateAndSetChildDomain (126ms)
		EndReloadAssembly (850ms)
			LoadAssemblies (99ms)
			RebuildTransferFunctionScriptingTraits (0ms)
			SetupTypeCache (255ms)
			ReleaseScriptCaches (1ms)
			RebuildScriptCaches (63ms)
			SetupLoadedEditorAssemblies (404ms)
				LogAssemblyErrors (0ms)
				InitializePlatformSupportModulesInManaged (16ms)
				SetLoadedEditorAssemblies (0ms)
				RefreshPlugins (1ms)
				BeforeProcessingInitializeOnLoad (98ms)
				ProcessInitializeOnLoadAttributes (253ms)
				ProcessInitializeOnLoadMethodAttributes (26ms)
				AfterProcessingInitializeOnLoad (8ms)
				EditorAssembliesLoaded (0ms)
			ExecutionOrderSort2 (0ms)
			AwakeInstancesAfterBackupRestoration (5ms)
Platform modules already initialized, skipping
AssetImportWorkerClient::OnTransportError - code=10061 error=No se puede establecer una conexión ya que el equipo de destino denegó expresamente dicha conexión.
