Using pre-set license
Built from '2021.2/staging' branch; Version is '2021.2.19f1 (602ecdbb2fb0) revision 6303437'; Using compiler version '192829333'; Build Type 'Release'
OS: 'Windows 10  (10.0.19044) 64bit Professional' Language: 'es' Physical Memory: 32719 MB
BatchMode: 1, IsHumanControllingUs: 0, StartBugReporterOnCrash: 0, Is64bit: 1, IsPro: 1

COMMAND LINE ARGUMENTS:
C:\Program Files\Unity\Hub\Editor\2021.2.19f1\Editor\Unity.exe
-adb2
-batchMode
-noUpm
-name
AssetImportWorker1224
-projectPath
C:/Users/XXHIDATEXX/juegosUnity/SegundoPrototipoGrupo4/grupo4MiniGolf
-logFile
Logs/AssetImportWorker1224.log
-srvPort
50876
Successfully changed project path to: C:/Users/XXHIDATEXX/juegosUnity/SegundoPrototipoGrupo4/grupo4MiniGolf
C:/Users/XXHIDATEXX/juegosUnity/SegundoPrototipoGrupo4/grupo4MiniGolf
[UnityMemory] Configuration Parameters - Can be set up in boot.config
    "memorysetup-bucket-allocator-granularity=16"
    "memorysetup-bucket-allocator-bucket-count=8"
    "memorysetup-bucket-allocator-block-size=33554432"
    "memorysetup-bucket-allocator-block-count=8"
    "memorysetup-main-allocator-block-size=16777216"
    "memorysetup-thread-allocator-block-size=16777216"
    "memorysetup-gfx-main-allocator-block-size=16777216"
    "memorysetup-gfx-thread-allocator-block-size=16777216"
    "memorysetup-cache-allocator-block-size=4194304"
    "memorysetup-typetree-allocator-block-size=2097152"
    "memorysetup-profiler-bucket-allocator-granularity=16"
    "memorysetup-profiler-bucket-allocator-bucket-count=8"
    "memorysetup-profiler-bucket-allocator-block-size=33554432"
    "memorysetup-profiler-bucket-allocator-block-count=8"
    "memorysetup-profiler-allocator-block-size=16777216"
    "memorysetup-profiler-editor-allocator-block-size=1048576"
    "memorysetup-temp-allocator-size-main=16777216"
    "memorysetup-job-temp-allocator-block-size=2097152"
    "memorysetup-job-temp-allocator-block-size-background=1048576"
    "memorysetup-job-temp-allocator-reduction-small-platforms=262144"
    "memorysetup-temp-allocator-size-background-worker=32768"
    "memorysetup-temp-allocator-size-job-worker=262144"
    "memorysetup-temp-allocator-size-preload-manager=33554432"
    "memorysetup-temp-allocator-size-nav-mesh-worker=65536"
    "memorysetup-temp-allocator-size-audio-worker=65536"
    "memorysetup-temp-allocator-size-cloud-worker=32768"
    "memorysetup-temp-allocator-size-gi-baking-worker=262144"
    "memorysetup-temp-allocator-size-gfx=262144"
mdb reader table full -> cleaning up stale readers. Current readers:
    pid     thread     txnid
     19544 4c5c -
     59544 da38 -
     50192 b690 -
     59488 de3c -
     41872 b218 -
     55888 ca0c -
     55164 d408 -
     52988 b42c -
     56280 cb00 -
     59048 e658 -
     46752 c1d8 -
     59216 b514 -
     59680 eadc -
     59524 a454 -
     41704 d084 -
     59928 d57c -
     58556 eb6c -
     57496 c360 -
     58516 e464 -
     54928 c054 -
     59900 dfac -
     37584 b790 -
     47056 3820 -
     55072 de30 -
     43652 511c -
     55608 cc3c -
     57116 d244 -
     56416 e644 -
     48852 de2c -
     36892 be54 -
     51952 eb7c -
     59068 cd5c -
     54864 b4d8 -
     49160 c398 -
     41956 b528 -
     51592 7bec -
     59168 eb1c -
     53976 cddc -
     24004 a2f8 -
     59808 6530 -
     57916 e040 -
     59416 e5d8 -
     59336 a198 -
     56480 c394 -
     31108 75cc -
     59828 e550 -
     50224 c8a4 -
     60452 ec28 -
     60492 ec50 -
     44416 7750 -
     57968 ed64 -
     44624 e6fc -
     59516 d5e8 -
     55012 be70 -
     59796 9ff8 -
     30060 ed28 -
     61400 efb8 -
     61332 ed34 -
     51824 b604 -
     41528 dcdc -
     48248 ecd8 -
     52584 eeac -
     19544 3bb4 -
     58240 9dfc -
     58076 b6b8 -
     49672 d32c -
     38316 e4a0 -
     25940 e3d4 -
     54428 ddc8 -
     54160 bc30 -
     48220 d470 -
     13756 de14 -
     52180 d2f0 -
     59976 e9c8 -
     57912 8498 -
     54336 caf8 -
     56700 e728 -
     51540 cad0 -
     61536 f064 -
     61580 f090 -
     30648 c49c -
     22568 dbf0 -
     56820 ed38 -
     61904 f1d4 -
     52472 8674 -
     53336 f074 -
     42716 ec64 -
     55856 dfc0 -
     61140 d59c -
     58208 df14 -
     61508 146c -
     19544 ea50 -
     55824 a364 -
     49608 ef8c -
     35036 e9b0 -
     53472 e338 -
     47692 df94 -
     48684 f150 -
     43344 f2fc -
     46700 6a24 -
     62164 e748 -
     61804 ec94 -
     58056 e63c -
     61936 ecac -
     58744 e628 -
     46252 c804 -
     59552 c2f0 -
     49868 eb24 -
     62160 efe4 -
     59528 e8d4 -
     62560 f464 -
     56300 d878 -
     46888 c554 -
     59892 c2dc -
     63276 f714 -
     62584 f494 -
     61504 eda0 -
     57780 cb98 -
     61896 d1bc -
     61940 bfd8 -
     49356 caec -
     61760 e8d8 -
     61836 d320 -
     51728 d1fc -
     63084 93e4 -
     53024 c938 -
Cleaned out 122 stale readers
Refreshing native plugins compatible for Editor in 88.69 ms, found 3 plugins.
Preloading 0 native plugins for Editor in 0.00 ms.
Initialize engine version: 2021.2.19f1 (602ecdbb2fb0)
[Subsystems] Discovering subsystems at path C:/Program Files/Unity/Hub/Editor/2021.2.19f1/Editor/Data/Resources/UnitySubsystems
[Subsystems] Discovering subsystems at path C:/Users/XXHIDATEXX/juegosUnity/SegundoPrototipoGrupo4/grupo4MiniGolf/Assets
GfxDevice: creating device client; threaded=0; jobified=0
Direct3D:
    Version:  Direct3D 11.0 [level 11.1]
    Renderer: Radeon RX550/550 Series (ID=0x67ff)
    Vendor:   ATI
    VRAM:     4075 MB
    Driver:   30.0.13023.4001
Initialize mono
Mono path[0] = 'C:/Program Files/Unity/Hub/Editor/2021.2.19f1/Editor/Data/Managed'
Mono path[1] = 'C:/Program Files/Unity/Hub/Editor/2021.2.19f1/Editor/Data/MonoBleedingEdge/lib/mono/unityjit-win32'
Mono config path = 'C:/Program Files/Unity/Hub/Editor/2021.2.19f1/Editor/Data/MonoBleedingEdge/etc'
Using monoOptions --debugger-agent=transport=dt_socket,embedding=1,server=y,suspend=n,address=127.0.0.1:56728
Begin MonoManager ReloadAssembly
Registering precompiled unity dll's ...
Register platform support module: C:/Program Files/Unity/Hub/Editor/2021.2.19f1/Editor/Data/PlaybackEngines/AndroidPlayer/UnityEditor.Android.Extensions.dll
Register platform support module: C:/Program Files/Unity/Hub/Editor/2021.2.19f1/Editor/Data/PlaybackEngines/WindowsStandaloneSupport/UnityEditor.WindowsStandalone.Extensions.dll
Registered in 0.007286 seconds.
Native extension for WindowsStandalone target not found
Native extension for Android target not found
Refreshing native plugins compatible for Editor in 83.15 ms, found 3 plugins.
Preloading 0 native plugins for Editor in 0.00 ms.
Mono: successfully reloaded assembly
- Completed reload, in  0.598 seconds
Domain Reload Profiling:
	ReloadAssembly (599ms)
		BeginReloadAssembly (64ms)
			ExecutionOrderSort (0ms)
			DisableScriptedObjects (0ms)
			BackupInstance (0ms)
			ReleaseScriptingObjects (0ms)
			CreateAndSetChildDomain (1ms)
		EndReloadAssembly (435ms)
			LoadAssemblies (63ms)
			RebuildTransferFunctionScriptingTraits (0ms)
			SetupTypeCache (96ms)
			ReleaseScriptCaches (0ms)
			RebuildScriptCaches (30ms)
			SetupLoadedEditorAssemblies (261ms)
				LogAssemblyErrors (0ms)
				InitializePlatformSupportModulesInManaged (50ms)
				SetLoadedEditorAssemblies (0ms)
				RefreshPlugins (83ms)
				BeforeProcessingInitializeOnLoad (1ms)
				ProcessInitializeOnLoadAttributes (89ms)
				ProcessInitializeOnLoadMethodAttributes (38ms)
				AfterProcessingInitializeOnLoad (0ms)
				EditorAssembliesLoaded (0ms)
			ExecutionOrderSort2 (0ms)
			AwakeInstancesAfterBackupRestoration (0ms)
Platform modules already initialized, skipping
Registering precompiled user dll's ...
Registered in 0.004195 seconds.
Begin MonoManager ReloadAssembly
Symbol file LoadedFromMemory doesn't match image C:\Users\XXHIDATEXX\juegosUnity\SegundoPrototipoGrupo4\grupo4MiniGolf\Library\PackageCache\com.unity.visualscripting@1.7.6\Editor\VisualScripting.Core\Dependencies\YamlDotNet\Unity.VisualScripting.YamlDotNet.dll
Symbol file LoadedFromMemory is not a mono symbol file
Symbol file LoadedFromMemory doesn't match image C:\Users\XXHIDATEXX\juegosUnity\SegundoPrototipoGrupo4\grupo4MiniGolf\Library\PackageCache\com.unity.visualscripting@1.7.6\Editor\VisualScripting.Core\Dependencies\DotNetZip\Unity.VisualScripting.IonicZip.dll
Native extension for WindowsStandalone target not found
Native extension for Android target not found
Refreshing native plugins compatible for Editor in 0.72 ms, found 3 plugins.
Preloading 0 native plugins for Editor in 0.00 ms.
Mono: successfully reloaded assembly
- Completed reload, in  1.080 seconds
Domain Reload Profiling:
	ReloadAssembly (1081ms)
		BeginReloadAssembly (215ms)
			ExecutionOrderSort (0ms)
			DisableScriptedObjects (6ms)
			BackupInstance (0ms)
			ReleaseScriptingObjects (0ms)
			CreateAndSetChildDomain (123ms)
		EndReloadAssembly (756ms)
			LoadAssemblies (80ms)
			RebuildTransferFunctionScriptingTraits (0ms)
			SetupTypeCache (232ms)
			ReleaseScriptCaches (1ms)
			RebuildScriptCaches (53ms)
			SetupLoadedEditorAssemblies (351ms)
				LogAssemblyErrors (0ms)
				InitializePlatformSupportModulesInManaged (14ms)
				SetLoadedEditorAssemblies (0ms)
				RefreshPlugins (1ms)
				BeforeProcessingInitializeOnLoad (90ms)
				ProcessInitializeOnLoadAttributes (216ms)
				ProcessInitializeOnLoadMethodAttributes (22ms)
				AfterProcessingInitializeOnLoad (7ms)
				EditorAssembliesLoaded (0ms)
			ExecutionOrderSort2 (0ms)
			AwakeInstancesAfterBackupRestoration (5ms)
Platform modules already initialized, skipping
AssetImportWorkerClient::OnTransportError - code=10061 error=No se puede establecer una conexión ya que el equipo de destino denegó expresamente dicha conexión.
