Using pre-set license
Built from '2021.2/staging' branch; Version is '2021.2.19f1 (602ecdbb2fb0) revision 6303437'; Using compiler version '192829333'; Build Type 'Release'
OS: 'Windows 10  (10.0.19044) 64bit Professional' Language: 'es' Physical Memory: 32719 MB
BatchMode: 1, IsHumanControllingUs: 0, StartBugReporterOnCrash: 0, Is64bit: 1, IsPro: 1

COMMAND LINE ARGUMENTS:
C:\Program Files\Unity\Hub\Editor\2021.2.19f1\Editor\Unity.exe
-adb2
-batchMode
-noUpm
-name
AssetImportWorker1094
-projectPath
C:/Users/XXHIDATEXX/juegosUnity/SegundoPrototipoGrupo4/grupo4MiniGolf
-logFile
Logs/AssetImportWorker1094.log
-srvPort
50876
Successfully changed project path to: C:/Users/XXHIDATEXX/juegosUnity/SegundoPrototipoGrupo4/grupo4MiniGolf
C:/Users/XXHIDATEXX/juegosUnity/SegundoPrototipoGrupo4/grupo4MiniGolf
[UnityMemory] Configuration Parameters - Can be set up in boot.config
    "memorysetup-bucket-allocator-granularity=16"
    "memorysetup-bucket-allocator-bucket-count=8"
    "memorysetup-bucket-allocator-block-size=33554432"
    "memorysetup-bucket-allocator-block-count=8"
    "memorysetup-main-allocator-block-size=16777216"
    "memorysetup-thread-allocator-block-size=16777216"
    "memorysetup-gfx-main-allocator-block-size=16777216"
    "memorysetup-gfx-thread-allocator-block-size=16777216"
    "memorysetup-cache-allocator-block-size=4194304"
    "memorysetup-typetree-allocator-block-size=2097152"
    "memorysetup-profiler-bucket-allocator-granularity=16"
    "memorysetup-profiler-bucket-allocator-bucket-count=8"
    "memorysetup-profiler-bucket-allocator-block-size=33554432"
    "memorysetup-profiler-bucket-allocator-block-count=8"
    "memorysetup-profiler-allocator-block-size=16777216"
    "memorysetup-profiler-editor-allocator-block-size=1048576"
    "memorysetup-temp-allocator-size-main=16777216"
    "memorysetup-job-temp-allocator-block-size=2097152"
    "memorysetup-job-temp-allocator-block-size-background=1048576"
    "memorysetup-job-temp-allocator-reduction-small-platforms=262144"
    "memorysetup-temp-allocator-size-background-worker=32768"
    "memorysetup-temp-allocator-size-job-worker=262144"
    "memorysetup-temp-allocator-size-preload-manager=33554432"
    "memorysetup-temp-allocator-size-nav-mesh-worker=65536"
    "memorysetup-temp-allocator-size-audio-worker=65536"
    "memorysetup-temp-allocator-size-cloud-worker=32768"
    "memorysetup-temp-allocator-size-gi-baking-worker=262144"
    "memorysetup-temp-allocator-size-gfx=262144"
mdb reader table full -> cleaning up stale readers. Current readers:
    pid     thread     txnid
     19544 4c5c -
     51348 da54 -
     19544 4fc4 -
     19544 4fa0 -
     56352 dc18 -
     43048 bde0 -
     56504 dcbc -
     44592 d008 -
     33172 dd80 -
     45512 cf08 -
     53936 bfc4 -
     57096 dea0 -
     55488 df24 -
     12476 dc7c -
     43268 d1d8 -
     56548 dde4 -
     54476 de18 -
     54780 d82c -
     50168 a0a0 -
     54636 c73c -
     46336 a744 -
     57788 e1c0 -
     58340 e3b4 -
     57512 e0ac -
     53832 cc2c -
     58020 e2a8 -
     52184 be7c -
     52632 d2ec -
     53284 dfb0 -
     56964 cb34 -
     34740 d9e0 -
     55860 694c -
     54960 5b58 -
     27760 bcc4 -
     51500 e1ec -
     50732 60d8 -
     52436 d75c -
     54708 befc -
     58328 e3d0 -
     57692 da4c -
     54220 dd00 -
     48720 7714 -
     45132 ca1c -
     46632 a7c4 -
     54784 e2b8 -
     39124 c6e8 -
     51260 d298 -
     57080 e2a0 -
     19340 e084 -
     41052 e088 -
     56900 dcb4 -
     57920 d71c -
     50928 bff4 -
     54860 c478 -
     37424 b508 -
     58160 e228 -
     55612 e324 -
     29484 9264 -
     46404 9a90 -
     57604 e0fc -
     57224 ca8c -
     55656 d4a4 -
     30400 a2c0 -
     55368 e108 -
     58184 86e4 -
     57200 ce18 -
     33000 c4bc -
     33376 e0f8 -
     56036 c31c -
     55520 e02c -
     26532 d140 -
     54696 d284 -
     21488 9fb0 -
     48060 59f0 -
     29148 76f0 -
     54844 d234 -
     27992 cf6c -
     52544 d4c8 -
     51768 df0c -
     56228 df6c -
     46452 dc5c -
     52840 cd1c -
     45796 cfcc -
     50548 e3bc -
     50632 b908 -
     54820 cf58 -
     49804 7958 -
     56156 c2a4 -
     39516 63cc -
     56024 cf94 -
     54604 cd48 -
     53616 cb0c -
     55312 dca4 -
     48540 8540 -
     53144 cd08 -
     41432 d74c -
     59184 e734 -
     19544 ea50 -
     60028 ea80 -
     50300 e980 -
     59508 bbc8 -
     49480 cd90 -
     60340 bb50 -
     59472 e8b8 -
     58392 e424 -
     58676 e4dc -
     59520 9cc0 -
     59856 cfd0 -
     23364 b4c4 -
     55404 3978 -
     60276 e6b0 -
     60352 d1f0 -
     41924 dec4 -
     55308 a7f0 -
     55720 e6b8 -
     58488 d198 -
     51928 a4b0 -
     56800 b758 -
     48360 e984 -
     59256 a290 -
     50624 e7a8 -
     56740 d6d4 -
     47912 d13c -
     60360 d828 -
     33908 cc64 -
     55360 c0e0 -
Cleaned out 120 stale readers
Refreshing native plugins compatible for Editor in 80.93 ms, found 3 plugins.
Preloading 0 native plugins for Editor in 0.00 ms.
Initialize engine version: 2021.2.19f1 (602ecdbb2fb0)
[Subsystems] Discovering subsystems at path C:/Program Files/Unity/Hub/Editor/2021.2.19f1/Editor/Data/Resources/UnitySubsystems
[Subsystems] Discovering subsystems at path C:/Users/XXHIDATEXX/juegosUnity/SegundoPrototipoGrupo4/grupo4MiniGolf/Assets
GfxDevice: creating device client; threaded=0; jobified=0
Direct3D:
    Version:  Direct3D 11.0 [level 11.1]
    Renderer: Radeon RX550/550 Series (ID=0x67ff)
    Vendor:   ATI
    VRAM:     4075 MB
    Driver:   30.0.13023.4001
Initialize mono
Mono path[0] = 'C:/Program Files/Unity/Hub/Editor/2021.2.19f1/Editor/Data/Managed'
Mono path[1] = 'C:/Program Files/Unity/Hub/Editor/2021.2.19f1/Editor/Data/MonoBleedingEdge/lib/mono/unityjit-win32'
Mono config path = 'C:/Program Files/Unity/Hub/Editor/2021.2.19f1/Editor/Data/MonoBleedingEdge/etc'
Using monoOptions --debugger-agent=transport=dt_socket,embedding=1,server=y,suspend=n,address=127.0.0.1:56164
Begin MonoManager ReloadAssembly
Registering precompiled unity dll's ...
Register platform support module: C:/Program Files/Unity/Hub/Editor/2021.2.19f1/Editor/Data/PlaybackEngines/AndroidPlayer/UnityEditor.Android.Extensions.dll
Register platform support module: C:/Program Files/Unity/Hub/Editor/2021.2.19f1/Editor/Data/PlaybackEngines/WindowsStandaloneSupport/UnityEditor.WindowsStandalone.Extensions.dll
Registered in 0.006909 seconds.
Native extension for WindowsStandalone target not found
Native extension for Android target not found
Refreshing native plugins compatible for Editor in 84.38 ms, found 3 plugins.
Preloading 0 native plugins for Editor in 0.00 ms.
Mono: successfully reloaded assembly
- Completed reload, in  0.610 seconds
Domain Reload Profiling:
	ReloadAssembly (611ms)
		BeginReloadAssembly (63ms)
			ExecutionOrderSort (0ms)
			DisableScriptedObjects (0ms)
			BackupInstance (0ms)
			ReleaseScriptingObjects (0ms)
			CreateAndSetChildDomain (1ms)
		EndReloadAssembly (448ms)
			LoadAssemblies (61ms)
			RebuildTransferFunctionScriptingTraits (0ms)
			SetupTypeCache (95ms)
			ReleaseScriptCaches (0ms)
			RebuildScriptCaches (30ms)
			SetupLoadedEditorAssemblies (279ms)
				LogAssemblyErrors (0ms)
				InitializePlatformSupportModulesInManaged (52ms)
				SetLoadedEditorAssemblies (0ms)
				RefreshPlugins (84ms)
				BeforeProcessingInitializeOnLoad (1ms)
				ProcessInitializeOnLoadAttributes (95ms)
				ProcessInitializeOnLoadMethodAttributes (47ms)
				AfterProcessingInitializeOnLoad (0ms)
				EditorAssembliesLoaded (0ms)
			ExecutionOrderSort2 (0ms)
			AwakeInstancesAfterBackupRestoration (0ms)
Platform modules already initialized, skipping
Registering precompiled user dll's ...
Registered in 0.004735 seconds.
Begin MonoManager ReloadAssembly
Symbol file LoadedFromMemory doesn't match image C:\Users\XXHIDATEXX\juegosUnity\SegundoPrototipoGrupo4\grupo4MiniGolf\Library\PackageCache\com.unity.visualscripting@1.7.6\Editor\VisualScripting.Core\Dependencies\YamlDotNet\Unity.VisualScripting.YamlDotNet.dll
Symbol file LoadedFromMemory is not a mono symbol file
Symbol file LoadedFromMemory doesn't match image C:\Users\XXHIDATEXX\juegosUnity\SegundoPrototipoGrupo4\grupo4MiniGolf\Library\PackageCache\com.unity.visualscripting@1.7.6\Editor\VisualScripting.Core\Dependencies\DotNetZip\Unity.VisualScripting.IonicZip.dll
Native extension for WindowsStandalone target not found
Native extension for Android target not found
Refreshing native plugins compatible for Editor in 0.68 ms, found 3 plugins.
Preloading 0 native plugins for Editor in 0.00 ms.
Mono: successfully reloaded assembly
- Completed reload, in  1.053 seconds
Domain Reload Profiling:
	ReloadAssembly (1054ms)
		BeginReloadAssembly (210ms)
			ExecutionOrderSort (0ms)
			DisableScriptedObjects (5ms)
			BackupInstance (0ms)
			ReleaseScriptingObjects (0ms)
			CreateAndSetChildDomain (122ms)
		EndReloadAssembly (739ms)
			LoadAssemblies (76ms)
			RebuildTransferFunctionScriptingTraits (0ms)
			SetupTypeCache (236ms)
			ReleaseScriptCaches (1ms)
			RebuildScriptCaches (48ms)
			SetupLoadedEditorAssemblies (345ms)
				LogAssemblyErrors (0ms)
				InitializePlatformSupportModulesInManaged (13ms)
				SetLoadedEditorAssemblies (0ms)
				RefreshPlugins (1ms)
				BeforeProcessingInitializeOnLoad (83ms)
				ProcessInitializeOnLoadAttributes (220ms)
				ProcessInitializeOnLoadMethodAttributes (21ms)
				AfterProcessingInitializeOnLoad (7ms)
				EditorAssembliesLoaded (0ms)
			ExecutionOrderSort2 (0ms)
			AwakeInstancesAfterBackupRestoration (4ms)
Platform modules already initialized, skipping
AssetImportWorkerClient::OnTransportError - code=10061 error=No se puede establecer una conexión ya que el equipo de destino denegó expresamente dicha conexión.
