Using pre-set license
Built from '2021.2/staging' branch; Version is '2021.2.19f1 (602ecdbb2fb0) revision 6303437'; Using compiler version '192829333'; Build Type 'Release'
OS: 'Windows 10  (10.0.19044) 64bit Professional' Language: 'es' Physical Memory: 32719 MB
BatchMode: 1, IsHumanControllingUs: 0, StartBugReporterOnCrash: 0, Is64bit: 1, IsPro: 1

COMMAND LINE ARGUMENTS:
C:\Program Files\Unity\Hub\Editor\2021.2.19f1\Editor\Unity.exe
-adb2
-batchMode
-noUpm
-name
AssetImportWorker852
-projectPath
C:/Users/XXHIDATEXX/juegosUnity/SegundoPrototipoGrupo4/grupo4MiniGolf
-logFile
Logs/AssetImportWorker852.log
-srvPort
62991
Successfully changed project path to: C:/Users/XXHIDATEXX/juegosUnity/SegundoPrototipoGrupo4/grupo4MiniGolf
C:/Users/XXHIDATEXX/juegosUnity/SegundoPrototipoGrupo4/grupo4MiniGolf
[UnityMemory] Configuration Parameters - Can be set up in boot.config
    "memorysetup-bucket-allocator-granularity=16"
    "memorysetup-bucket-allocator-bucket-count=8"
    "memorysetup-bucket-allocator-block-size=33554432"
    "memorysetup-bucket-allocator-block-count=8"
    "memorysetup-main-allocator-block-size=16777216"
    "memorysetup-thread-allocator-block-size=16777216"
    "memorysetup-gfx-main-allocator-block-size=16777216"
    "memorysetup-gfx-thread-allocator-block-size=16777216"
    "memorysetup-cache-allocator-block-size=4194304"
    "memorysetup-typetree-allocator-block-size=2097152"
    "memorysetup-profiler-bucket-allocator-granularity=16"
    "memorysetup-profiler-bucket-allocator-bucket-count=8"
    "memorysetup-profiler-bucket-allocator-block-size=33554432"
    "memorysetup-profiler-bucket-allocator-block-count=8"
    "memorysetup-profiler-allocator-block-size=16777216"
    "memorysetup-profiler-editor-allocator-block-size=1048576"
    "memorysetup-temp-allocator-size-main=16777216"
    "memorysetup-job-temp-allocator-block-size=2097152"
    "memorysetup-job-temp-allocator-block-size-background=1048576"
    "memorysetup-job-temp-allocator-reduction-small-platforms=262144"
    "memorysetup-temp-allocator-size-background-worker=32768"
    "memorysetup-temp-allocator-size-job-worker=262144"
    "memorysetup-temp-allocator-size-preload-manager=33554432"
    "memorysetup-temp-allocator-size-nav-mesh-worker=65536"
    "memorysetup-temp-allocator-size-audio-worker=65536"
    "memorysetup-temp-allocator-size-cloud-worker=32768"
    "memorysetup-temp-allocator-size-gi-baking-worker=262144"
    "memorysetup-temp-allocator-size-gfx=262144"
mdb reader table full -> cleaning up stale readers. Current readers:
    pid     thread     txnid
     18352 ae80 -
     18352 11f10 -
     18352 10654 -
     81508 16a18 -
     93432 129f4 -
     91324 16acc -
     34864 16b84 -
     88960 16ca0 -
     90500 16c64 -
     94476 17110 -
     94524 17140 -
     94888 172ac -
     67456 14e90 -
     91988 14720 -
     86472 16780 -
     93484 168a0 -
     86864 16aa0 -
     94816 17234 -
     91252 9500 -
     10788 17088 -
     95012 16ad4 -
     69844 1726c -
     94712 1677c -
     93732 16678 -
     74484 14e60 -
     70696 14f30 -
     93412 cb58 -
     93004 15604 -
     85836 16618 -
     94920 9148 -
     92996 153a8 -
     87188 14eb4 -
     38952 15310 -
     94708 162b8 -
     93240 14e08 -
     94944 16edc -
     94392 171bc -
     88500 16c5c -
     95184 17044 -
     92336 17010 -
     94884 16ae8 -
     93088 bcb0 -
     80324 1657c -
     91708 16d74 -
     37864 166dc -
     95040 17344 -
     87576 164e4 -
      5764 9488 -
     84260 bac8 -
     91916 1712c -
     91956 15ab8 -
     89064 13ac4 -
     94732 e310 -
     90792 14904 -
     74048 15508 -
     22612 16cd0 -
     88140 1412c -
     94348 17250 -
     87624 15440 -
     94824 16964 -
     95440 174d4 -
     95492 17508 -
     96032 17724 -
     83668 16dc0 -
     91036 17024 -
     92848 1430c -
     94924 15d64 -
     94668 15a48 -
     95740 175f0 -
     83544 1436c -
     84208 16930 -
     94968 141ac -
     96072 176f4 -
     95924 173ac -
     96140 1637c -
     93904 16e14 -
     95920 336c -
     90200 15a58 -
     90144 15a0c -
     95696 17230 -
     95288 15278 -
     96064 170d8 -
     87956 14b64 -
     95892 16c7c -
     90516 16f28 -
     86568 1625c -
     47596 177f0 -
     95300 16854 -
     93272 157a4 -
     95664 171d8 -
     86324 17018 -
     94196 16d38 -
     83560 17760 -
     94940 11d78 -
     87268 baa8 -
     94260 154 -
     95248 157dc -
     94460 17370 -
     88816 16db8 -
     94852 177ec -
     91788 6ec8 -
     63608 176e0 -
     92700 169fc -
     96012 176a4 -
     91856 16d64 -
     74096 17510 -
     86692 15e24 -
     88776 170ec -
     97232 17bd4 -
     96268 17808 -
     96568 14ef8 -
     92756 16e60 -
     93600 15f7c -
     86244 16ba8 -
     96676 174b4 -
     96844 13858 -
     85172 16d28 -
     95784 16ab4 -
     85620 165b8 -
     90224 175e4 -
     94472 11568 -
     71740 82d4 -
     96796 16fc0 -
     93092 1662c -
     96712 179b8 -
     93028 17820 -
Cleaned out 122 stale readers
Refreshing native plugins compatible for Editor in 110.61 ms, found 3 plugins.
Preloading 0 native plugins for Editor in 0.00 ms.
Initialize engine version: 2021.2.19f1 (602ecdbb2fb0)
[Subsystems] Discovering subsystems at path C:/Program Files/Unity/Hub/Editor/2021.2.19f1/Editor/Data/Resources/UnitySubsystems
[Subsystems] Discovering subsystems at path C:/Users/XXHIDATEXX/juegosUnity/SegundoPrototipoGrupo4/grupo4MiniGolf/Assets
GfxDevice: creating device client; threaded=0; jobified=0
Direct3D:
    Version:  Direct3D 11.0 [level 11.1]
    Renderer: Radeon RX550/550 Series (ID=0x67ff)
    Vendor:   ATI
    VRAM:     4075 MB
    Driver:   30.0.13023.4001
Initialize mono
Mono path[0] = 'C:/Program Files/Unity/Hub/Editor/2021.2.19f1/Editor/Data/Managed'
Mono path[1] = 'C:/Program Files/Unity/Hub/Editor/2021.2.19f1/Editor/Data/MonoBleedingEdge/lib/mono/unityjit-win32'
Mono config path = 'C:/Program Files/Unity/Hub/Editor/2021.2.19f1/Editor/Data/MonoBleedingEdge/etc'
Using monoOptions --debugger-agent=transport=dt_socket,embedding=1,server=y,suspend=n,address=127.0.0.1:56580
Begin MonoManager ReloadAssembly
Registering precompiled unity dll's ...
Register platform support module: C:/Program Files/Unity/Hub/Editor/2021.2.19f1/Editor/Data/PlaybackEngines/AndroidPlayer/UnityEditor.Android.Extensions.dll
Register platform support module: C:/Program Files/Unity/Hub/Editor/2021.2.19f1/Editor/Data/PlaybackEngines/WindowsStandaloneSupport/UnityEditor.WindowsStandalone.Extensions.dll
Registered in 0.009443 seconds.
Native extension for WindowsStandalone target not found
Native extension for Android target not found
Refreshing native plugins compatible for Editor in 89.36 ms, found 3 plugins.
Preloading 0 native plugins for Editor in 0.00 ms.
Mono: successfully reloaded assembly
- Completed reload, in  0.636 seconds
Domain Reload Profiling:
	ReloadAssembly (637ms)
		BeginReloadAssembly (73ms)
			ExecutionOrderSort (0ms)
			DisableScriptedObjects (0ms)
			BackupInstance (0ms)
			ReleaseScriptingObjects (0ms)
			CreateAndSetChildDomain (1ms)
		EndReloadAssembly (444ms)
			LoadAssemblies (71ms)
			RebuildTransferFunctionScriptingTraits (0ms)
			SetupTypeCache (108ms)
			ReleaseScriptCaches (0ms)
			RebuildScriptCaches (23ms)
			SetupLoadedEditorAssemblies (265ms)
				LogAssemblyErrors (0ms)
				InitializePlatformSupportModulesInManaged (51ms)
				SetLoadedEditorAssemblies (0ms)
				RefreshPlugins (89ms)
				BeforeProcessingInitializeOnLoad (1ms)
				ProcessInitializeOnLoadAttributes (85ms)
				ProcessInitializeOnLoadMethodAttributes (39ms)
				AfterProcessingInitializeOnLoad (0ms)
				EditorAssembliesLoaded (0ms)
			ExecutionOrderSort2 (0ms)
			AwakeInstancesAfterBackupRestoration (0ms)
Platform modules already initialized, skipping
Registering precompiled user dll's ...
Registered in 0.004894 seconds.
Begin MonoManager ReloadAssembly
Symbol file LoadedFromMemory doesn't match image C:\Users\XXHIDATEXX\juegosUnity\SegundoPrototipoGrupo4\grupo4MiniGolf\Library\PackageCache\com.unity.visualscripting@1.7.6\Editor\VisualScripting.Core\Dependencies\YamlDotNet\Unity.VisualScripting.YamlDotNet.dll
Symbol file LoadedFromMemory is not a mono symbol file
Symbol file LoadedFromMemory doesn't match image C:\Users\XXHIDATEXX\juegosUnity\SegundoPrototipoGrupo4\grupo4MiniGolf\Library\PackageCache\com.unity.visualscripting@1.7.6\Editor\VisualScripting.Core\Dependencies\DotNetZip\Unity.VisualScripting.IonicZip.dll
Native extension for WindowsStandalone target not found
Native extension for Android target not found
Refreshing native plugins compatible for Editor in 0.71 ms, found 3 plugins.
Preloading 0 native plugins for Editor in 0.00 ms.
Mono: successfully reloaded assembly
- Completed reload, in  1.091 seconds
Domain Reload Profiling:
	ReloadAssembly (1092ms)
		BeginReloadAssembly (215ms)
			ExecutionOrderSort (0ms)
			DisableScriptedObjects (8ms)
			BackupInstance (0ms)
			ReleaseScriptingObjects (0ms)
			CreateAndSetChildDomain (126ms)
		EndReloadAssembly (771ms)
			LoadAssemblies (80ms)
			RebuildTransferFunctionScriptingTraits (0ms)
			SetupTypeCache (241ms)
			ReleaseScriptCaches (1ms)
			RebuildScriptCaches (50ms)
			SetupLoadedEditorAssemblies (361ms)
				LogAssemblyErrors (0ms)
				InitializePlatformSupportModulesInManaged (15ms)
				SetLoadedEditorAssemblies (0ms)
				RefreshPlugins (1ms)
				BeforeProcessingInitializeOnLoad (89ms)
				ProcessInitializeOnLoadAttributes (224ms)
				ProcessInitializeOnLoadMethodAttributes (24ms)
				AfterProcessingInitializeOnLoad (9ms)
				EditorAssembliesLoaded (0ms)
			ExecutionOrderSort2 (0ms)
			AwakeInstancesAfterBackupRestoration (6ms)
Platform modules already initialized, skipping
AssetImportWorkerClient::OnTransportError - code=10061 error=No se puede establecer una conexión ya que el equipo de destino denegó expresamente dicha conexión.
